[0m21:21:49.653718 [debug] [MainThread]: Sending event: {'category': 'dbt', 'action': 'invocation', 'label': 'start', 'context': [<snowplow_tracker.self_describing_json.SelfDescribingJson object at 0x7621727359a0>, <snowplow_tracker.self_describing_json.SelfDescribingJson object at 0x762172869130>, <snowplow_tracker.self_describing_json.SelfDescribingJson object at 0x76217030ae10>]}


============================== 21:21:49.656913 | 7c99d0f9-30a0-4fe0-bfa4-7dbaa63fdd9d ==============================
[0m21:21:49.656913 [info ] [MainThread]: Running with dbt=1.9.4
[0m21:21:49.657607 [debug] [MainThread]: running dbt with arguments {'printer_width': '80', 'indirect_selection': 'eager', 'log_cache_events': 'False', 'write_json': 'True', 'partial_parse': 'True', 'cache_selected_only': 'False', 'profiles_dir': '/home/codespace/.dbt', 'version_check': 'True', 'warn_error': 'None', 'log_path': 'logs', 'debug': 'False', 'fail_fast': 'False', 'use_colors': 'True', 'use_experimental_parser': 'False', 'empty': 'None', 'quiet': 'False', 'no_print': 'None', 'warn_error_options': 'WarnErrorOptions(include=[], exclude=[])', 'invocation_command': 'dbt init .', 'static_parser': 'True', 'introspect': 'True', 'target_path': 'None', 'log_format': 'default', 'send_anonymous_usage_stats': 'True'}
[0m21:22:05.014856 [debug] [MainThread]: Starter project path: /usr/local/python/3.12.1/lib/python3.12/site-packages/dbt/include/starter_project
[0m21:22:05.019126 [info ] [MainThread]: 
Your new dbt project "airflow_data" was created!

For more information on how to configure the profiles.yml file,
please consult the dbt documentation here:

  https://docs.getdbt.com/docs/configure-your-profile

One more thing:

Need help? Don't hesitate to reach out to us via GitHub issues or on Slack:

  https://community.getdbt.com/

Happy modeling!

[0m21:22:05.019665 [info ] [MainThread]: Setting up your profile.
[0m21:22:51.747167 [info ] [MainThread]: Profile airflow_data written to /home/codespace/.dbt/profiles.yml using target's profile_template.yml and your supplied values. Run 'dbt debug' to validate the connection.
[0m21:22:51.748449 [debug] [MainThread]: Resource report: {"command_name": "init", "command_success": true, "command_wall_clock_time": 62.14986, "process_in_blocks": "0", "process_kernel_time": 0.228584, "process_mem_max_rss": "103240", "process_out_blocks": "80", "process_user_time": 1.404446}
[0m21:22:51.749047 [debug] [MainThread]: Command `dbt init` succeeded at 21:22:51.748933 after 62.15 seconds
[0m21:22:51.749594 [debug] [MainThread]: Sending event: {'category': 'dbt', 'action': 'invocation', 'label': 'end', 'context': [<snowplow_tracker.self_describing_json.SelfDescribingJson object at 0x76217009d520>, <snowplow_tracker.self_describing_json.SelfDescribingJson object at 0x7621700e9be0>, <snowplow_tracker.self_describing_json.SelfDescribingJson object at 0x762170963140>]}
[0m21:22:51.750211 [debug] [MainThread]: Flushing usage events
[0m21:22:51.854898 [debug] [MainThread]: An error was encountered while trying to flush usage events
